<?xml version="1.0" encoding="UTF-8"?>
<!-- Generated by org.testng.reporters.JUnitReportReporter -->
<testsuite hostname="LAPTOP-RE35JDP4" failures="0" tests="1" name="com.sqa.qa.testcases.TransactionsPageTest" time="6.606" errors="0" timestamp="08 Mar 2024 08:56:52 GMT" skipped="0">
  <testcase classname="com.sqa.qa.testcases.TransactionsPageTest" name="Verify_Deposit_With_ValideAmmount" time="6.606"/>
</testsuite> <!-- com.sqa.qa.testcases.TransactionsPageTest -->
