<?xml version="1.0" encoding="UTF-8"?>
<!-- Generated by org.testng.reporters.JUnitReportReporter -->
<testsuite hostname="LAPTOP-RE35JDP4" failures="0" tests="2" name="com.sqa.qa.testcases.AddCustomerTest" time="10.466" errors="0" timestamp="08 Mar 2024 08:56:52 GMT" skipped="0">
  <testcase classname="com.sqa.qa.testcases.AddCustomerTest" name="AddCustomer_NotExist" time="4.395"/>
  <testcase classname="com.sqa.qa.testcases.AddCustomerTest" name="AddCustomer_Exist" time="6.071"/>
</testsuite> <!-- com.sqa.qa.testcases.AddCustomerTest -->
