<?xml version="1.0" encoding="UTF-8"?>
<!-- Generated by org.testng.reporters.JUnitReportReporter -->
<testsuite hostname="LAPTOP-RE35JDP4" failures="0" tests="5" name="com.sqa.qa.testcases.AccountPageTest" time="57.872" errors="0" timestamp="08 Mar 2024 08:56:52 GMT" skipped="0">
  <testcase classname="com.sqa.qa.testcases.AccountPageTest" name="Verify_Deposit_With_ValideAmmount" time="6.099"/>
  <testcase classname="com.sqa.qa.testcases.AccountPageTest" name="Verify_Deposit_With_InValideAmmount" time="6.099"/>
  <testcase classname="com.sqa.qa.testcases.AccountPageTest" name="Verify_Withdraw_With_ValideAmmount" time="15.808"/>
  <testcase classname="com.sqa.qa.testcases.AccountPageTest" name="Verify_Withdraw_With_InValideAmmount" time="14.566"/>
  <testcase classname="com.sqa.qa.testcases.AccountPageTest" name="Verify_Withdraw_With_InSufficient" time="15.300"/>
</testsuite> <!-- com.sqa.qa.testcases.AccountPageTest -->
