<?xml version="1.0" encoding="UTF-8"?>
<!-- Generated by org.testng.reporters.JUnitReportReporter -->
<testsuite hostname="LAPTOP-RE35JDP4" failures="0" tests="1" name="com.sqa.qa.testcases.OpenAccountPageTest" time="4.876" errors="0" timestamp="08 Mar 2024 08:56:52 GMT" skipped="0">
  <testcase classname="com.sqa.qa.testcases.OpenAccountPageTest" name="OpenAccount" time="4.876"/>
</testsuite> <!-- com.sqa.qa.testcases.OpenAccountPageTest -->
