<?xml version="1.0" encoding="UTF-8"?>
<!-- Generated by org.testng.reporters.JUnitReportReporter -->
<testsuite hostname="LAPTOP-RE35JDP4" failures="0" tests="1" name="com.sqa.qa.testcases.TransactionsPageTest" time="14.471" errors="0" timestamp="12 Mar 2024 15:10:59 GMT" skipped="0">
  <testcase classname="com.sqa.qa.testcases.TransactionsPageTest" name="Verify_Deposit_With_ValideAmmount" time="14.471"/>
</testsuite> <!-- com.sqa.qa.testcases.TransactionsPageTest -->
