<?xml version="1.0" encoding="UTF-8"?>
<!-- Generated by org.testng.reporters.JUnitReportReporter -->
<testsuite hostname="LAPTOP-RE35JDP4" failures="0" tests="2" name="com.sqa.qa.testcases.AddCustomerTest" time="9.823" errors="0" timestamp="12 Mar 2024 15:10:59 GMT" skipped="0">
  <testcase classname="com.sqa.qa.testcases.AddCustomerTest" name="AddCustomer_NotExist" time="4.595"/>
  <testcase classname="com.sqa.qa.testcases.AddCustomerTest" name="AddCustomer_Exist" time="5.228"/>
</testsuite> <!-- com.sqa.qa.testcases.AddCustomerTest -->
