<?xml version="1.0" encoding="UTF-8"?>
<!-- Generated by org.testng.reporters.JUnitReportReporter -->
<testsuite hostname="LAPTOP-RE35JDP4" failures="0" tests="1" name="com.sqa.qa.testcases.CustomersPageTest" time="4.196" errors="0" timestamp="08 Mar 2024 08:56:52 GMT" skipped="0">
  <testcase classname="com.sqa.qa.testcases.CustomersPageTest" name="DeleteCustomerEntry" time="4.196"/>
</testsuite> <!-- com.sqa.qa.testcases.CustomersPageTest -->
